<?xml version="1.0" encoding="UTF-8"?>
<testsuite xmlns:xsi="http://www.w3.org/2001/XMLSchema-instance" xsi:noNamespaceSchemaLocation="https://maven.apache.org/surefire/maven-surefire-plugin/xsd/surefire-test-report-3.0.xsd" version="3.0" name="se.oskar.fhir.plugin.EnhancedValidatorTest" time="0.857" tests="7" errors="0" skipped="0" failures="0">
  <properties>
[...]
</properties>
  <testcase name="testInvalidJson" classname="se.oskar.fhir.plugin.EnhancedValidatorTest" time="0.222">
    <system-err><![CDATA[SLF4J: No SLF4J providers were found.
SLF4J: Defaulting to no-operation (NOP) logger implementation
SLF4J: See https://www.slf4j.org/codes.html#noProviders for further details.
]]></system-err>
  </testcase>
  <testcase name="testWithIGAndProfile" classname="se.oskar.fhir.plugin.EnhancedValidatorTest" time="0.494"/>
  <testcase name="testRawJsonValidation" classname="se.oskar.fhir.plugin.EnhancedValidatorTest" time="0.037"/>
  <testcase name="testITBStandardInputs" classname="se.oskar.fhir.plugin.EnhancedValidatorTest" time="0.027"/>
  <testcase name="testFilePathValidation" classname="se.oskar.fhir.plugin.EnhancedValidatorTest" time="0.024"/>
  <testcase name="testBase64Validation" classname="se.oskar.fhir.plugin.EnhancedValidatorTest" time="0.026"/>
  <testcase name="testInvalidContentType" classname="se.oskar.fhir.plugin.EnhancedValidatorTest" time="0.003"/>
</testsuite>